C:\USERS\TEMEL\DOCUMENTS\VISUAL STUDIO 2012\PROJECTS\OPENGL\OPENGL\DEBUG\MAIN.OBJ
C:\USERS\TEMEL\DOCUMENTS\VISUAL STUDIO 2012\PROJECTS\OPENGL\OPENGL\DEBUG\VC110.PDB
C:\USERS\TEMEL\DOCUMENTS\VISUAL STUDIO 2012\PROJECTS\OPENGL\OPENGL\DEBUG\SHADER.OBJ
C:\USERS\TEMEL\DOCUMENTS\VISUAL STUDIO 2012\PROJECTS\OPENGL\OPENGL\DEBUG\LIBRARY.OBJ
C:\USERS\TEMEL\DOCUMENTS\VISUAL STUDIO 2012\PROJECTS\OPENGL\OPENGL\DEBUG\CAMERA.OBJ
C:\USERS\TEMEL\DOCUMENTS\VISUAL STUDIO 2012\PROJECTS\OPENGL\OPENGL\DEBUG\EVENT.OBJ
C:\Users\TEMEL\documents\visual studio 2012\Projects\OpenGL\OpenGL\Debug\Camera.obj
C:\Users\TEMEL\documents\visual studio 2012\Projects\OpenGL\OpenGL\Debug\Event.obj
C:\Users\TEMEL\documents\visual studio 2012\Projects\OpenGL\OpenGL\Debug\Library.obj
C:\Users\TEMEL\documents\visual studio 2012\Projects\OpenGL\OpenGL\Debug\main.obj
C:\Users\TEMEL\documents\visual studio 2012\Projects\OpenGL\OpenGL\Debug\Shader.obj
C:\Users\TEMEL\documents\visual studio 2012\Projects\OpenGL\OpenGL\Debug\cl.command.1.tlog
C:\Users\TEMEL\documents\visual studio 2012\Projects\OpenGL\OpenGL\Debug\CL.read.1.tlog
C:\Users\TEMEL\documents\visual studio 2012\Projects\OpenGL\OpenGL\Debug\CL.write.1.tlog
C:\Users\TEMEL\documents\visual studio 2012\Projects\OpenGL\OpenGL\Debug\link-cvtres.read.1.tlog
C:\Users\TEMEL\documents\visual studio 2012\Projects\OpenGL\OpenGL\Debug\link-cvtres.write.1.tlog
C:\Users\TEMEL\documents\visual studio 2012\Projects\OpenGL\OpenGL\Debug\link-rc.read.1.tlog
C:\Users\TEMEL\documents\visual studio 2012\Projects\OpenGL\OpenGL\Debug\link-rc.write.1.tlog
C:\Users\TEMEL\documents\visual studio 2012\Projects\OpenGL\OpenGL\Debug\link.1040-cvtres.read.1.tlog
C:\Users\TEMEL\documents\visual studio 2012\Projects\OpenGL\OpenGL\Debug\link.1040-cvtres.write.1.tlog
C:\Users\TEMEL\documents\visual studio 2012\Projects\OpenGL\OpenGL\Debug\link.1040-rc.read.1.tlog
C:\Users\TEMEL\documents\visual studio 2012\Projects\OpenGL\OpenGL\Debug\link.1040-rc.write.1.tlog
C:\Users\TEMEL\documents\visual studio 2012\Projects\OpenGL\OpenGL\Debug\link.1040.read.1.tlog
C:\Users\TEMEL\documents\visual studio 2012\Projects\OpenGL\OpenGL\Debug\link.1040.write.1.tlog
C:\Users\TEMEL\documents\visual studio 2012\Projects\OpenGL\OpenGL\Debug\link.10832-cvtres.read.1.tlog
C:\Users\TEMEL\documents\visual studio 2012\Projects\OpenGL\OpenGL\Debug\link.10832-cvtres.write.1.tlog
C:\Users\TEMEL\documents\visual studio 2012\Projects\OpenGL\OpenGL\Debug\link.10832-rc.read.1.tlog
C:\Users\TEMEL\documents\visual studio 2012\Projects\OpenGL\OpenGL\Debug\link.10832-rc.write.1.tlog
C:\Users\TEMEL\documents\visual studio 2012\Projects\OpenGL\OpenGL\Debug\link.10832.read.1.tlog
C:\Users\TEMEL\documents\visual studio 2012\Projects\OpenGL\OpenGL\Debug\link.10832.write.1.tlog
C:\Users\TEMEL\documents\visual studio 2012\Projects\OpenGL\OpenGL\Debug\link.1284-cvtres.read.1.tlog
C:\Users\TEMEL\documents\visual studio 2012\Projects\OpenGL\OpenGL\Debug\link.1284-cvtres.write.1.tlog
C:\Users\TEMEL\documents\visual studio 2012\Projects\OpenGL\OpenGL\Debug\link.1284-rc.read.1.tlog
C:\Users\TEMEL\documents\visual studio 2012\Projects\OpenGL\OpenGL\Debug\link.1284-rc.write.1.tlog
C:\Users\TEMEL\documents\visual studio 2012\Projects\OpenGL\OpenGL\Debug\link.1284.read.1.tlog
C:\Users\TEMEL\documents\visual studio 2012\Projects\OpenGL\OpenGL\Debug\link.1284.write.1.tlog
C:\Users\TEMEL\documents\visual studio 2012\Projects\OpenGL\OpenGL\Debug\link.1696-cvtres.read.1.tlog
C:\Users\TEMEL\documents\visual studio 2012\Projects\OpenGL\OpenGL\Debug\link.1696-cvtres.write.1.tlog
C:\Users\TEMEL\documents\visual studio 2012\Projects\OpenGL\OpenGL\Debug\link.1696-rc.read.1.tlog
C:\Users\TEMEL\documents\visual studio 2012\Projects\OpenGL\OpenGL\Debug\link.1696-rc.write.1.tlog
C:\Users\TEMEL\documents\visual studio 2012\Projects\OpenGL\OpenGL\Debug\link.1696.read.1.tlog
C:\Users\TEMEL\documents\visual studio 2012\Projects\OpenGL\OpenGL\Debug\link.1696.write.1.tlog
C:\Users\TEMEL\documents\visual studio 2012\Projects\OpenGL\OpenGL\Debug\link.1720-cvtres.read.1.tlog
C:\Users\TEMEL\documents\visual studio 2012\Projects\OpenGL\OpenGL\Debug\link.1720-cvtres.write.1.tlog
C:\Users\TEMEL\documents\visual studio 2012\Projects\OpenGL\OpenGL\Debug\link.1720-rc.read.1.tlog
C:\Users\TEMEL\documents\visual studio 2012\Projects\OpenGL\OpenGL\Debug\link.1720-rc.write.1.tlog
C:\Users\TEMEL\documents\visual studio 2012\Projects\OpenGL\OpenGL\Debug\link.1720.read.1.tlog
C:\Users\TEMEL\documents\visual studio 2012\Projects\OpenGL\OpenGL\Debug\link.1720.write.1.tlog
C:\Users\TEMEL\documents\visual studio 2012\Projects\OpenGL\OpenGL\Debug\link.2200-cvtres.read.1.tlog
C:\Users\TEMEL\documents\visual studio 2012\Projects\OpenGL\OpenGL\Debug\link.2200-cvtres.write.1.tlog
C:\Users\TEMEL\documents\visual studio 2012\Projects\OpenGL\OpenGL\Debug\link.2200-rc.read.1.tlog
C:\Users\TEMEL\documents\visual studio 2012\Projects\OpenGL\OpenGL\Debug\link.2200-rc.write.1.tlog
C:\Users\TEMEL\documents\visual studio 2012\Projects\OpenGL\OpenGL\Debug\link.2200.read.1.tlog
C:\Users\TEMEL\documents\visual studio 2012\Projects\OpenGL\OpenGL\Debug\link.2200.write.1.tlog
C:\Users\TEMEL\documents\visual studio 2012\Projects\OpenGL\OpenGL\Debug\link.2420-cvtres.read.1.tlog
C:\Users\TEMEL\documents\visual studio 2012\Projects\OpenGL\OpenGL\Debug\link.2420-cvtres.write.1.tlog
C:\Users\TEMEL\documents\visual studio 2012\Projects\OpenGL\OpenGL\Debug\link.2420-rc.read.1.tlog
C:\Users\TEMEL\documents\visual studio 2012\Projects\OpenGL\OpenGL\Debug\link.2420-rc.write.1.tlog
C:\Users\TEMEL\documents\visual studio 2012\Projects\OpenGL\OpenGL\Debug\link.2420.read.1.tlog
C:\Users\TEMEL\documents\visual studio 2012\Projects\OpenGL\OpenGL\Debug\link.2420.write.1.tlog
C:\Users\TEMEL\documents\visual studio 2012\Projects\OpenGL\OpenGL\Debug\link.3508-cvtres.read.1.tlog
C:\Users\TEMEL\documents\visual studio 2012\Projects\OpenGL\OpenGL\Debug\link.3508-cvtres.write.1.tlog
C:\Users\TEMEL\documents\visual studio 2012\Projects\OpenGL\OpenGL\Debug\link.3508-rc.read.1.tlog
C:\Users\TEMEL\documents\visual studio 2012\Projects\OpenGL\OpenGL\Debug\link.3508-rc.write.1.tlog
C:\Users\TEMEL\documents\visual studio 2012\Projects\OpenGL\OpenGL\Debug\link.3508.read.1.tlog
C:\Users\TEMEL\documents\visual studio 2012\Projects\OpenGL\OpenGL\Debug\link.3508.write.1.tlog
C:\Users\TEMEL\documents\visual studio 2012\Projects\OpenGL\OpenGL\Debug\link.3932-cvtres.read.1.tlog
C:\Users\TEMEL\documents\visual studio 2012\Projects\OpenGL\OpenGL\Debug\link.3932-cvtres.write.1.tlog
C:\Users\TEMEL\documents\visual studio 2012\Projects\OpenGL\OpenGL\Debug\link.3932-rc.read.1.tlog
C:\Users\TEMEL\documents\visual studio 2012\Projects\OpenGL\OpenGL\Debug\link.3932-rc.write.1.tlog
C:\Users\TEMEL\documents\visual studio 2012\Projects\OpenGL\OpenGL\Debug\link.3932.read.1.tlog
C:\Users\TEMEL\documents\visual studio 2012\Projects\OpenGL\OpenGL\Debug\link.3932.write.1.tlog
C:\Users\TEMEL\documents\visual studio 2012\Projects\OpenGL\OpenGL\Debug\link.4272-cvtres.read.1.tlog
C:\Users\TEMEL\documents\visual studio 2012\Projects\OpenGL\OpenGL\Debug\link.4272-cvtres.write.1.tlog
C:\Users\TEMEL\documents\visual studio 2012\Projects\OpenGL\OpenGL\Debug\link.4272-rc.read.1.tlog
C:\Users\TEMEL\documents\visual studio 2012\Projects\OpenGL\OpenGL\Debug\link.4272-rc.write.1.tlog
C:\Users\TEMEL\documents\visual studio 2012\Projects\OpenGL\OpenGL\Debug\link.4272.read.1.tlog
C:\Users\TEMEL\documents\visual studio 2012\Projects\OpenGL\OpenGL\Debug\link.4272.write.1.tlog
C:\Users\TEMEL\documents\visual studio 2012\Projects\OpenGL\OpenGL\Debug\link.4292-cvtres.read.1.tlog
C:\Users\TEMEL\documents\visual studio 2012\Projects\OpenGL\OpenGL\Debug\link.4292-cvtres.write.1.tlog
C:\Users\TEMEL\documents\visual studio 2012\Projects\OpenGL\OpenGL\Debug\link.4292-rc.read.1.tlog
C:\Users\TEMEL\documents\visual studio 2012\Projects\OpenGL\OpenGL\Debug\link.4292-rc.write.1.tlog
C:\Users\TEMEL\documents\visual studio 2012\Projects\OpenGL\OpenGL\Debug\link.4292.read.1.tlog
C:\Users\TEMEL\documents\visual studio 2012\Projects\OpenGL\OpenGL\Debug\link.4292.write.1.tlog
C:\Users\TEMEL\documents\visual studio 2012\Projects\OpenGL\OpenGL\Debug\link.4352-cvtres.read.1.tlog
C:\Users\TEMEL\documents\visual studio 2012\Projects\OpenGL\OpenGL\Debug\link.4352-cvtres.write.1.tlog
C:\Users\TEMEL\documents\visual studio 2012\Projects\OpenGL\OpenGL\Debug\link.4352-rc.read.1.tlog
C:\Users\TEMEL\documents\visual studio 2012\Projects\OpenGL\OpenGL\Debug\link.4352-rc.write.1.tlog
C:\Users\TEMEL\documents\visual studio 2012\Projects\OpenGL\OpenGL\Debug\link.4352.read.1.tlog
C:\Users\TEMEL\documents\visual studio 2012\Projects\OpenGL\OpenGL\Debug\link.4352.write.1.tlog
C:\Users\TEMEL\documents\visual studio 2012\Projects\OpenGL\OpenGL\Debug\link.4696-cvtres.read.1.tlog
C:\Users\TEMEL\documents\visual studio 2012\Projects\OpenGL\OpenGL\Debug\link.4696-cvtres.write.1.tlog
C:\Users\TEMEL\documents\visual studio 2012\Projects\OpenGL\OpenGL\Debug\link.4696-rc.read.1.tlog
C:\Users\TEMEL\documents\visual studio 2012\Projects\OpenGL\OpenGL\Debug\link.4696-rc.write.1.tlog
C:\Users\TEMEL\documents\visual studio 2012\Projects\OpenGL\OpenGL\Debug\link.4696.read.1.tlog
C:\Users\TEMEL\documents\visual studio 2012\Projects\OpenGL\OpenGL\Debug\link.4696.write.1.tlog
C:\Users\TEMEL\documents\visual studio 2012\Projects\OpenGL\OpenGL\Debug\link.5084-cvtres.read.1.tlog
C:\Users\TEMEL\documents\visual studio 2012\Projects\OpenGL\OpenGL\Debug\link.5084-cvtres.write.1.tlog
C:\Users\TEMEL\documents\visual studio 2012\Projects\OpenGL\OpenGL\Debug\link.5084-rc.read.1.tlog
C:\Users\TEMEL\documents\visual studio 2012\Projects\OpenGL\OpenGL\Debug\link.5084-rc.write.1.tlog
C:\Users\TEMEL\documents\visual studio 2012\Projects\OpenGL\OpenGL\Debug\link.5084.read.1.tlog
C:\Users\TEMEL\documents\visual studio 2012\Projects\OpenGL\OpenGL\Debug\link.5084.write.1.tlog
C:\Users\TEMEL\documents\visual studio 2012\Projects\OpenGL\OpenGL\Debug\link.5416-cvtres.read.1.tlog
C:\Users\TEMEL\documents\visual studio 2012\Projects\OpenGL\OpenGL\Debug\link.5416-cvtres.write.1.tlog
C:\Users\TEMEL\documents\visual studio 2012\Projects\OpenGL\OpenGL\Debug\link.5416-rc.read.1.tlog
C:\Users\TEMEL\documents\visual studio 2012\Projects\OpenGL\OpenGL\Debug\link.5416-rc.write.1.tlog
C:\Users\TEMEL\documents\visual studio 2012\Projects\OpenGL\OpenGL\Debug\link.5416.read.1.tlog
C:\Users\TEMEL\documents\visual studio 2012\Projects\OpenGL\OpenGL\Debug\link.5416.write.1.tlog
C:\Users\TEMEL\documents\visual studio 2012\Projects\OpenGL\OpenGL\Debug\link.6424-cvtres.read.1.tlog
C:\Users\TEMEL\documents\visual studio 2012\Projects\OpenGL\OpenGL\Debug\link.6424-cvtres.write.1.tlog
C:\Users\TEMEL\documents\visual studio 2012\Projects\OpenGL\OpenGL\Debug\link.6424-rc.read.1.tlog
C:\Users\TEMEL\documents\visual studio 2012\Projects\OpenGL\OpenGL\Debug\link.6424-rc.write.1.tlog
C:\Users\TEMEL\documents\visual studio 2012\Projects\OpenGL\OpenGL\Debug\link.6424.read.1.tlog
C:\Users\TEMEL\documents\visual studio 2012\Projects\OpenGL\OpenGL\Debug\link.6424.write.1.tlog
C:\Users\TEMEL\documents\visual studio 2012\Projects\OpenGL\OpenGL\Debug\link.6476-cvtres.read.1.tlog
C:\Users\TEMEL\documents\visual studio 2012\Projects\OpenGL\OpenGL\Debug\link.6476-cvtres.write.1.tlog
C:\Users\TEMEL\documents\visual studio 2012\Projects\OpenGL\OpenGL\Debug\link.6476-rc.read.1.tlog
C:\Users\TEMEL\documents\visual studio 2012\Projects\OpenGL\OpenGL\Debug\link.6476-rc.write.1.tlog
C:\Users\TEMEL\documents\visual studio 2012\Projects\OpenGL\OpenGL\Debug\link.6476.read.1.tlog
C:\Users\TEMEL\documents\visual studio 2012\Projects\OpenGL\OpenGL\Debug\link.6476.write.1.tlog
C:\Users\TEMEL\documents\visual studio 2012\Projects\OpenGL\OpenGL\Debug\link.6656-cvtres.read.1.tlog
C:\Users\TEMEL\documents\visual studio 2012\Projects\OpenGL\OpenGL\Debug\link.6656-cvtres.write.1.tlog
C:\Users\TEMEL\documents\visual studio 2012\Projects\OpenGL\OpenGL\Debug\link.6656-rc.read.1.tlog
C:\Users\TEMEL\documents\visual studio 2012\Projects\OpenGL\OpenGL\Debug\link.6656-rc.write.1.tlog
C:\Users\TEMEL\documents\visual studio 2012\Projects\OpenGL\OpenGL\Debug\link.6656.read.1.tlog
C:\Users\TEMEL\documents\visual studio 2012\Projects\OpenGL\OpenGL\Debug\link.6656.write.1.tlog
C:\Users\TEMEL\documents\visual studio 2012\Projects\OpenGL\OpenGL\Debug\link.6684-cvtres.read.1.tlog
C:\Users\TEMEL\documents\visual studio 2012\Projects\OpenGL\OpenGL\Debug\link.6684-cvtres.write.1.tlog
C:\Users\TEMEL\documents\visual studio 2012\Projects\OpenGL\OpenGL\Debug\link.6684-rc.read.1.tlog
C:\Users\TEMEL\documents\visual studio 2012\Projects\OpenGL\OpenGL\Debug\link.6684-rc.write.1.tlog
C:\Users\TEMEL\documents\visual studio 2012\Projects\OpenGL\OpenGL\Debug\link.6684.read.1.tlog
C:\Users\TEMEL\documents\visual studio 2012\Projects\OpenGL\OpenGL\Debug\link.6684.write.1.tlog
C:\Users\TEMEL\documents\visual studio 2012\Projects\OpenGL\OpenGL\Debug\link.6792-cvtres.read.1.tlog
C:\Users\TEMEL\documents\visual studio 2012\Projects\OpenGL\OpenGL\Debug\link.6792-cvtres.write.1.tlog
C:\Users\TEMEL\documents\visual studio 2012\Projects\OpenGL\OpenGL\Debug\link.6792-rc.read.1.tlog
C:\Users\TEMEL\documents\visual studio 2012\Projects\OpenGL\OpenGL\Debug\link.6792-rc.write.1.tlog
C:\Users\TEMEL\documents\visual studio 2012\Projects\OpenGL\OpenGL\Debug\link.6792.read.1.tlog
C:\Users\TEMEL\documents\visual studio 2012\Projects\OpenGL\OpenGL\Debug\link.6792.write.1.tlog
C:\Users\TEMEL\documents\visual studio 2012\Projects\OpenGL\OpenGL\Debug\link.7332-cvtres.read.1.tlog
C:\Users\TEMEL\documents\visual studio 2012\Projects\OpenGL\OpenGL\Debug\link.7332-cvtres.write.1.tlog
C:\Users\TEMEL\documents\visual studio 2012\Projects\OpenGL\OpenGL\Debug\link.7332-rc.read.1.tlog
C:\Users\TEMEL\documents\visual studio 2012\Projects\OpenGL\OpenGL\Debug\link.7332-rc.write.1.tlog
C:\Users\TEMEL\documents\visual studio 2012\Projects\OpenGL\OpenGL\Debug\link.7332.read.1.tlog
C:\Users\TEMEL\documents\visual studio 2012\Projects\OpenGL\OpenGL\Debug\link.7332.write.1.tlog
C:\Users\TEMEL\documents\visual studio 2012\Projects\OpenGL\OpenGL\Debug\link.7372-cvtres.read.1.tlog
C:\Users\TEMEL\documents\visual studio 2012\Projects\OpenGL\OpenGL\Debug\link.7372-cvtres.write.1.tlog
C:\Users\TEMEL\documents\visual studio 2012\Projects\OpenGL\OpenGL\Debug\link.7372-rc.read.1.tlog
C:\Users\TEMEL\documents\visual studio 2012\Projects\OpenGL\OpenGL\Debug\link.7372-rc.write.1.tlog
C:\Users\TEMEL\documents\visual studio 2012\Projects\OpenGL\OpenGL\Debug\link.7372.read.1.tlog
C:\Users\TEMEL\documents\visual studio 2012\Projects\OpenGL\OpenGL\Debug\link.7372.write.1.tlog
C:\Users\TEMEL\documents\visual studio 2012\Projects\OpenGL\OpenGL\Debug\link.7388-cvtres.read.1.tlog
C:\Users\TEMEL\documents\visual studio 2012\Projects\OpenGL\OpenGL\Debug\link.7388-cvtres.write.1.tlog
C:\Users\TEMEL\documents\visual studio 2012\Projects\OpenGL\OpenGL\Debug\link.7388-rc.read.1.tlog
C:\Users\TEMEL\documents\visual studio 2012\Projects\OpenGL\OpenGL\Debug\link.7388-rc.write.1.tlog
C:\Users\TEMEL\documents\visual studio 2012\Projects\OpenGL\OpenGL\Debug\link.7388.read.1.tlog
C:\Users\TEMEL\documents\visual studio 2012\Projects\OpenGL\OpenGL\Debug\link.7388.write.1.tlog
C:\Users\TEMEL\documents\visual studio 2012\Projects\OpenGL\OpenGL\Debug\link.7424-cvtres.read.1.tlog
C:\Users\TEMEL\documents\visual studio 2012\Projects\OpenGL\OpenGL\Debug\link.7424-cvtres.write.1.tlog
C:\Users\TEMEL\documents\visual studio 2012\Projects\OpenGL\OpenGL\Debug\link.7424-rc.read.1.tlog
C:\Users\TEMEL\documents\visual studio 2012\Projects\OpenGL\OpenGL\Debug\link.7424-rc.write.1.tlog
C:\Users\TEMEL\documents\visual studio 2012\Projects\OpenGL\OpenGL\Debug\link.7424.read.1.tlog
C:\Users\TEMEL\documents\visual studio 2012\Projects\OpenGL\OpenGL\Debug\link.7424.write.1.tlog
C:\Users\TEMEL\documents\visual studio 2012\Projects\OpenGL\OpenGL\Debug\link.7436-cvtres.read.1.tlog
C:\Users\TEMEL\documents\visual studio 2012\Projects\OpenGL\OpenGL\Debug\link.7436-cvtres.write.1.tlog
C:\Users\TEMEL\documents\visual studio 2012\Projects\OpenGL\OpenGL\Debug\link.7436-rc.read.1.tlog
C:\Users\TEMEL\documents\visual studio 2012\Projects\OpenGL\OpenGL\Debug\link.7436-rc.write.1.tlog
C:\Users\TEMEL\documents\visual studio 2012\Projects\OpenGL\OpenGL\Debug\link.7436.read.1.tlog
C:\Users\TEMEL\documents\visual studio 2012\Projects\OpenGL\OpenGL\Debug\link.7436.write.1.tlog
C:\Users\TEMEL\documents\visual studio 2012\Projects\OpenGL\OpenGL\Debug\link.7612-cvtres.read.1.tlog
C:\Users\TEMEL\documents\visual studio 2012\Projects\OpenGL\OpenGL\Debug\link.7612-cvtres.write.1.tlog
C:\Users\TEMEL\documents\visual studio 2012\Projects\OpenGL\OpenGL\Debug\link.7612-rc.read.1.tlog
C:\Users\TEMEL\documents\visual studio 2012\Projects\OpenGL\OpenGL\Debug\link.7612-rc.write.1.tlog
C:\Users\TEMEL\documents\visual studio 2012\Projects\OpenGL\OpenGL\Debug\link.7612.read.1.tlog
C:\Users\TEMEL\documents\visual studio 2012\Projects\OpenGL\OpenGL\Debug\link.7612.write.1.tlog
C:\Users\TEMEL\documents\visual studio 2012\Projects\OpenGL\OpenGL\Debug\link.8080-cvtres.read.1.tlog
C:\Users\TEMEL\documents\visual studio 2012\Projects\OpenGL\OpenGL\Debug\link.8080-cvtres.write.1.tlog
C:\Users\TEMEL\documents\visual studio 2012\Projects\OpenGL\OpenGL\Debug\link.8080-rc.read.1.tlog
C:\Users\TEMEL\documents\visual studio 2012\Projects\OpenGL\OpenGL\Debug\link.8080-rc.write.1.tlog
C:\Users\TEMEL\documents\visual studio 2012\Projects\OpenGL\OpenGL\Debug\link.8080.read.1.tlog
C:\Users\TEMEL\documents\visual studio 2012\Projects\OpenGL\OpenGL\Debug\link.8080.write.1.tlog
C:\Users\TEMEL\documents\visual studio 2012\Projects\OpenGL\OpenGL\Debug\link.8204-cvtres.read.1.tlog
C:\Users\TEMEL\documents\visual studio 2012\Projects\OpenGL\OpenGL\Debug\link.8204-cvtres.write.1.tlog
C:\Users\TEMEL\documents\visual studio 2012\Projects\OpenGL\OpenGL\Debug\link.8204-rc.read.1.tlog
C:\Users\TEMEL\documents\visual studio 2012\Projects\OpenGL\OpenGL\Debug\link.8204-rc.write.1.tlog
C:\Users\TEMEL\documents\visual studio 2012\Projects\OpenGL\OpenGL\Debug\link.8204.read.1.tlog
C:\Users\TEMEL\documents\visual studio 2012\Projects\OpenGL\OpenGL\Debug\link.8204.write.1.tlog
C:\Users\TEMEL\documents\visual studio 2012\Projects\OpenGL\OpenGL\Debug\link.8304-cvtres.read.1.tlog
C:\Users\TEMEL\documents\visual studio 2012\Projects\OpenGL\OpenGL\Debug\link.8304-cvtres.write.1.tlog
C:\Users\TEMEL\documents\visual studio 2012\Projects\OpenGL\OpenGL\Debug\link.8304-rc.read.1.tlog
C:\Users\TEMEL\documents\visual studio 2012\Projects\OpenGL\OpenGL\Debug\link.8304-rc.write.1.tlog
C:\Users\TEMEL\documents\visual studio 2012\Projects\OpenGL\OpenGL\Debug\link.8304.read.1.tlog
C:\Users\TEMEL\documents\visual studio 2012\Projects\OpenGL\OpenGL\Debug\link.8304.write.1.tlog
C:\Users\TEMEL\documents\visual studio 2012\Projects\OpenGL\OpenGL\Debug\link.8588-cvtres.read.1.tlog
C:\Users\TEMEL\documents\visual studio 2012\Projects\OpenGL\OpenGL\Debug\link.8588-cvtres.write.1.tlog
C:\Users\TEMEL\documents\visual studio 2012\Projects\OpenGL\OpenGL\Debug\link.8588-rc.read.1.tlog
C:\Users\TEMEL\documents\visual studio 2012\Projects\OpenGL\OpenGL\Debug\link.8588-rc.write.1.tlog
C:\Users\TEMEL\documents\visual studio 2012\Projects\OpenGL\OpenGL\Debug\link.8588.read.1.tlog
C:\Users\TEMEL\documents\visual studio 2012\Projects\OpenGL\OpenGL\Debug\link.8588.write.1.tlog
C:\Users\TEMEL\documents\visual studio 2012\Projects\OpenGL\OpenGL\Debug\link.8728-cvtres.read.1.tlog
C:\Users\TEMEL\documents\visual studio 2012\Projects\OpenGL\OpenGL\Debug\link.8728-cvtres.write.1.tlog
C:\Users\TEMEL\documents\visual studio 2012\Projects\OpenGL\OpenGL\Debug\link.8728-rc.read.1.tlog
C:\Users\TEMEL\documents\visual studio 2012\Projects\OpenGL\OpenGL\Debug\link.8728-rc.write.1.tlog
C:\Users\TEMEL\documents\visual studio 2012\Projects\OpenGL\OpenGL\Debug\link.8728.read.1.tlog
C:\Users\TEMEL\documents\visual studio 2012\Projects\OpenGL\OpenGL\Debug\link.8728.write.1.tlog
C:\Users\TEMEL\documents\visual studio 2012\Projects\OpenGL\OpenGL\Debug\link.8784-cvtres.read.1.tlog
C:\Users\TEMEL\documents\visual studio 2012\Projects\OpenGL\OpenGL\Debug\link.8784-cvtres.write.1.tlog
C:\Users\TEMEL\documents\visual studio 2012\Projects\OpenGL\OpenGL\Debug\link.8784-rc.read.1.tlog
C:\Users\TEMEL\documents\visual studio 2012\Projects\OpenGL\OpenGL\Debug\link.8784-rc.write.1.tlog
C:\Users\TEMEL\documents\visual studio 2012\Projects\OpenGL\OpenGL\Debug\link.8784.read.1.tlog
C:\Users\TEMEL\documents\visual studio 2012\Projects\OpenGL\OpenGL\Debug\link.8784.write.1.tlog
C:\Users\TEMEL\documents\visual studio 2012\Projects\OpenGL\OpenGL\Debug\link.8932-cvtres.read.1.tlog
C:\Users\TEMEL\documents\visual studio 2012\Projects\OpenGL\OpenGL\Debug\link.8932-cvtres.write.1.tlog
C:\Users\TEMEL\documents\visual studio 2012\Projects\OpenGL\OpenGL\Debug\link.8932-rc.read.1.tlog
C:\Users\TEMEL\documents\visual studio 2012\Projects\OpenGL\OpenGL\Debug\link.8932-rc.write.1.tlog
C:\Users\TEMEL\documents\visual studio 2012\Projects\OpenGL\OpenGL\Debug\link.8932.read.1.tlog
C:\Users\TEMEL\documents\visual studio 2012\Projects\OpenGL\OpenGL\Debug\link.8932.write.1.tlog
C:\Users\TEMEL\documents\visual studio 2012\Projects\OpenGL\OpenGL\Debug\link.9064-cvtres.read.1.tlog
C:\Users\TEMEL\documents\visual studio 2012\Projects\OpenGL\OpenGL\Debug\link.9064-cvtres.write.1.tlog
C:\Users\TEMEL\documents\visual studio 2012\Projects\OpenGL\OpenGL\Debug\link.9064-rc.read.1.tlog
C:\Users\TEMEL\documents\visual studio 2012\Projects\OpenGL\OpenGL\Debug\link.9064-rc.write.1.tlog
C:\Users\TEMEL\documents\visual studio 2012\Projects\OpenGL\OpenGL\Debug\link.9064.read.1.tlog
C:\Users\TEMEL\documents\visual studio 2012\Projects\OpenGL\OpenGL\Debug\link.9064.write.1.tlog
C:\Users\TEMEL\documents\visual studio 2012\Projects\OpenGL\OpenGL\Debug\link.9072-cvtres.read.1.tlog
C:\Users\TEMEL\documents\visual studio 2012\Projects\OpenGL\OpenGL\Debug\link.9072-cvtres.write.1.tlog
C:\Users\TEMEL\documents\visual studio 2012\Projects\OpenGL\OpenGL\Debug\link.9072-rc.read.1.tlog
C:\Users\TEMEL\documents\visual studio 2012\Projects\OpenGL\OpenGL\Debug\link.9072-rc.write.1.tlog
C:\Users\TEMEL\documents\visual studio 2012\Projects\OpenGL\OpenGL\Debug\link.9072.read.1.tlog
C:\Users\TEMEL\documents\visual studio 2012\Projects\OpenGL\OpenGL\Debug\link.9072.write.1.tlog
C:\Users\TEMEL\documents\visual studio 2012\Projects\OpenGL\OpenGL\Debug\link.9204-cvtres.read.1.tlog
C:\Users\TEMEL\documents\visual studio 2012\Projects\OpenGL\OpenGL\Debug\link.9204-cvtres.write.1.tlog
C:\Users\TEMEL\documents\visual studio 2012\Projects\OpenGL\OpenGL\Debug\link.9204-rc.read.1.tlog
C:\Users\TEMEL\documents\visual studio 2012\Projects\OpenGL\OpenGL\Debug\link.9204-rc.write.1.tlog
C:\Users\TEMEL\documents\visual studio 2012\Projects\OpenGL\OpenGL\Debug\link.9204.read.1.tlog
C:\Users\TEMEL\documents\visual studio 2012\Projects\OpenGL\OpenGL\Debug\link.9204.write.1.tlog
C:\Users\TEMEL\documents\visual studio 2012\Projects\OpenGL\OpenGL\Debug\link.command.1.tlog
C:\Users\TEMEL\documents\visual studio 2012\Projects\OpenGL\OpenGL\Debug\link.read.1.tlog
C:\Users\TEMEL\documents\visual studio 2012\Projects\OpenGL\OpenGL\Debug\link.write.1.tlog
C:\Users\TEMEL\documents\visual studio 2012\Projects\OpenGL\OpenGL\Debug\vc110.idb
C:\Users\TEMEL\documents\visual studio 2012\Projects\OpenGL\OpenGL\Debug\vc110.pdb
C:\Users\TEMEL\documents\visual studio 2012\Projects\OpenGL\Debug\OpenGL.pdb
